{"C:\\Users\\shani\\repos\\wht-bootcamp\\person.js": {"path":"C:\\Users\\shani\\repos\\wht-bootcamp\\person.js","statementMap":{"0":{"start":{"line":3,"column":14},"end":{"line":6,"column":1}},"1":{"start":{"line":8,"column":13},"end":{"line":11,"column":1}},"2":{"start":{"line":13,"column":16},"end":{"line":17,"column":1}},"3":{"start":{"line":19,"column":14},"end":{"line":22,"column":1}},"4":{"start":{"line":24,"column":16},"end":{"line":28,"column":3}},"5":{"start":{"line":30,"column":0},"end":{"line":30,"column":41}},"6":{"start":{"line":32,"column":0},"end":{"line":32,"column":53}}},"fnMap":{},"branchMap":{},"s":{"0":1,"1":1,"2":1,"3":1,"4":1,"5":1,"6":1},"f":{},"b":{},"_coverageSchema":"1a1c01bbd47fc00a2c39e90264f33305004495a9","hash":"3ec821d20f7a01aac9dcadc977079cf296c78a8f"}
}
